生成启动时间为 2017/2/28 13:34:06。
     1>项目“F:\gba\gba-v2.0.0\visualboyadvance-m\dependencies\wxwidgets\build\msw\wx_vc10_wxtiff.vcxproj”在节点 4 上(build 个目标)。
     1>InitializeBuildStatus:
         正在创建“vc_mswud\wxtiff\wxtiff.unsuccessfulbuild”，因为已指定“AlwaysCreate”。
       ClCompile:
         C:\Program Files (x86)\Microsoft Visual Studio 10.0\VC\bin\CL.exe /c /I..\..\src\zlib /I..\..\src\jpeg /I..\..\src\tiff\libtiff /Zi /nologo /W3 /WX- /Od /Oy- /D WIN32 /D _LIB /D _DEBUG /D _CRT_SECURE_NO_DEPRECATE=1 /D _CRT_NON_CONFORMING_SWPRINTFS=1 /D _SCL_SECURE_NO_WARNINGS=1 /D NDEBUG /D _CRT_SECURE_NO_WARNINGS /D _CRT_NONSTDC_NO_WARNINGS /Gm- /EHsc /RTC1 /MDd /GS /fp:precise /Zc:wchar_t /Zc:forScope /GR /Fo"vc_mswud\wxtiff\\" /Fd"..\..\lib\vc_lib\wxtiffd.pdb" /Gd /TC /analyze- /errorReport:prompt ..\..\src\tiff\libtiff\tif_aux.c ..\..\src\tiff\libtiff\tif_close.c ..\..\src\tiff\libtiff\tif_codec.c ..\..\src\tiff\libtiff\tif_color.c ..\..\src\tiff\libtiff\tif_compress.c ..\..\src\tiff\libtiff\tif_dir.c ..\..\src\tiff\libtiff\tif_dirinfo.c ..\..\src\tiff\libtiff\tif_dirread.c ..\..\src\tiff\libtiff\tif_dirwrite.c ..\..\src\tiff\libtiff\tif_dumpmode.c ..\..\src\tiff\libtiff\tif_error.c ..\..\src\tiff\libtiff\tif_extension.c ..\..\src\tiff\libtiff\tif_fax3.c ..\..\src\tiff\libtiff\tif_fax3sm.c ..\..\src\tiff\libtiff\tif_flush.c ..\..\src\tiff\libtiff\tif_getimage.c ..\..\src\tiff\libtiff\tif_jpeg.c ..\..\src\tiff\libtiff\tif_luv.c ..\..\src\tiff\libtiff\tif_lzw.c ..\..\src\tiff\libtiff\tif_next.c ..\..\src\tiff\libtiff\tif_ojpeg.c ..\..\src\tiff\libtiff\tif_open.c ..\..\src\tiff\libtiff\tif_packbits.c ..\..\src\tiff\libtiff\tif_pixarlog.c ..\..\src\tiff\libtiff\tif_predict.c ..\..\src\tiff\libtiff\tif_print.c ..\..\src\tiff\libtiff\tif_read.c ..\..\src\tiff\libtiff\tif_strip.c ..\..\src\tiff\libtiff\tif_swab.c ..\..\src\tiff\libtiff\tif_thunder.c ..\..\src\tiff\libtiff\tif_tile.c ..\..\src\tiff\libtiff\tif_version.c ..\..\src\tiff\libtiff\tif_warning.c ..\..\src\tiff\libtiff\tif_win32.c ..\..\src\tiff\libtiff\tif_write.c ..\..\src\tiff\libtiff\tif_zip.c /MP 
         tif_aux.c
         tif_close.c
         tif_codec.c
         tif_color.c
         tif_compress.c
         tif_dir.c
         tif_dirinfo.c
         tif_dirread.c
         tif_dirwrite.c
         tif_dumpmode.c
         tif_error.c
         tif_extension.c
         tif_fax3.c
         tif_fax3sm.c
         tif_flush.c
         tif_getimage.c
         tif_jpeg.c
         tif_luv.c
         tif_lzw.c
         tif_next.c
         tif_ojpeg.c
         tif_open.c
         tif_packbits.c
         tif_pixarlog.c
         tif_predict.c
         tif_print.c
         tif_read.c
         tif_strip.c
         tif_swab.c
         tif_thunder.c
         tif_tile.c
         tif_version.c
         tif_warning.c
         tif_win32.c
         tif_write.c
         tif_zip.c
       Lib:
         C:\Program Files (x86)\Microsoft Visual Studio 10.0\VC\bin\Lib.exe /OUT:"..\..\lib\vc_lib\wxtiffd.lib" /NOLOGO vc_mswud\wxtiff\tif_aux.obj
         vc_mswud\wxtiff\tif_close.obj
         vc_mswud\wxtiff\tif_codec.obj
         vc_mswud\wxtiff\tif_color.obj
         vc_mswud\wxtiff\tif_compress.obj
         vc_mswud\wxtiff\tif_dir.obj
         vc_mswud\wxtiff\tif_dirinfo.obj
         vc_mswud\wxtiff\tif_dirread.obj
         vc_mswud\wxtiff\tif_dirwrite.obj
         vc_mswud\wxtiff\tif_dumpmode.obj
         vc_mswud\wxtiff\tif_error.obj
         vc_mswud\wxtiff\tif_extension.obj
         vc_mswud\wxtiff\tif_fax3.obj
         vc_mswud\wxtiff\tif_fax3sm.obj
         vc_mswud\wxtiff\tif_flush.obj
         vc_mswud\wxtiff\tif_getimage.obj
         vc_mswud\wxtiff\tif_jpeg.obj
         vc_mswud\wxtiff\tif_luv.obj
         vc_mswud\wxtiff\tif_lzw.obj
         vc_mswud\wxtiff\tif_next.obj
         vc_mswud\wxtiff\tif_ojpeg.obj
         vc_mswud\wxtiff\tif_open.obj
         vc_mswud\wxtiff\tif_packbits.obj
         vc_mswud\wxtiff\tif_pixarlog.obj
         vc_mswud\wxtiff\tif_predict.obj
         vc_mswud\wxtiff\tif_print.obj
         vc_mswud\wxtiff\tif_read.obj
         vc_mswud\wxtiff\tif_strip.obj
         vc_mswud\wxtiff\tif_swab.obj
         vc_mswud\wxtiff\tif_thunder.obj
         vc_mswud\wxtiff\tif_tile.obj
         vc_mswud\wxtiff\tif_version.obj
         vc_mswud\wxtiff\tif_warning.obj
         vc_mswud\wxtiff\tif_win32.obj
         vc_mswud\wxtiff\tif_write.obj
         vc_mswud\wxtiff\tif_zip.obj
         wx_vc10_wxtiff.vcxproj -> F:\gba\gba-v2.0.0\visualboyadvance-m\dependencies\wxwidgets\build\msw\..\..\lib\vc_lib\wxtiffd.lib
       FinalizeBuildStatus:
         正在删除文件“vc_mswud\wxtiff\wxtiff.unsuccessfulbuild”。
         正在对“vc_mswud\wxtiff\wxtiff.lastbuildstate”执行 Touch 任务。
     1>已完成生成项目“F:\gba\gba-v2.0.0\visualboyadvance-m\dependencies\wxwidgets\build\msw\wx_vc10_wxtiff.vcxproj”(build 个目标)的操作。

生成成功。

已用时间 00:00:02.97
