  Creating ..\..\lib\vc_lib\mswud\wx\setup.h
  已复制         1 个文件。
  Creating ..\..\lib\vc_lib\mswud\wx\msw\rcdefs.h
  genrcdefs.h
  dummy.cpp
  accelcmn.cpp
  accesscmn.cpp
  affinematrix2d.cpp
  anidecod.cpp
  appcmn.cpp
  artprov.cpp
  artstd.cpp
  arttango.cpp
  bmpbase.cpp
  bmpbtncmn.cpp
  bookctrl.cpp
  btncmn.cpp
  cairo.cpp
  checkboxcmn.cpp
  checklstcmn.cpp
  choiccmn.cpp
  clipcmn.cpp
  clrpickercmn.cpp
  cmdproc.cpp
  cmndata.cpp
  colourcmn.cpp
..\..\src\common\cmdproc.cpp(336): warning C4800: “wxObjectList::Node”: 将值强制为布尔值“true”或“false”(性能警告)
  colourdata.cpp
  combocmn.cpp
  containr.cpp
  cshelp.cpp
  ctrlcmn.cpp
  ctrlsub.cpp
  dcbase.cpp
  dcbufcmn.cpp
  dcgraph.cpp
  dcsvg.cpp
  dirctrlcmn.cpp
  dlgcmn.cpp
  dndcmn.cpp
  dobjcmn.cpp
  docmdi.cpp
  docview.cpp
  dpycmn.cpp
  dseldlg.cpp
  effects.cpp
  event.cpp
  fddlgcmn.cpp
  filectrlcmn.cpp
  filehistorycmn.cpp
  filepickercmn.cpp
  fldlgcmn.cpp
  fontcmn.cpp
  fontdata.cpp
  fontenumcmn.cpp
  fontmap.cpp
  fontpickercmn.cpp
  fontutilcmn.cpp
  framecmn.cpp
  fs_mem.cpp
  gaugecmn.cpp
  gbsizer.cpp
  gdicmn.cpp
  geometry.cpp
  gifdecod.cpp
  graphcmn.cpp
  headercolcmn.cpp
  headerctrlcmn.cpp
  helpbase.cpp
  iconbndl.cpp
  imagall.cpp
  imagbmp.cpp
  image.cpp
  imagfill.cpp
  imaggif.cpp
  imagiff.cpp
  imagjpeg.cpp
  imagpcx.cpp
  imagpng.cpp
  imagpnm.cpp
  imagtga.cpp
  imagtiff.cpp
  imagxpm.cpp
  layout.cpp
  lboxcmn.cpp
  listctrlcmn.cpp
  markupparser.cpp
  matrix.cpp
  menucmn.cpp
  modalhook.cpp
  mousemanager.cpp
  msgout.cpp
  nbkbase.cpp
  overlaycmn.cpp
  ownerdrwcmn.cpp
  panelcmn.cpp
  paper.cpp
  persist.cpp
  pickerbase.cpp
  popupcmn.cpp
  preferencescmn.cpp
  prntbase.cpp
  quantize.cpp
  radiobtncmn.cpp
  radiocmn.cpp
  rearrangectrl.cpp
  rendcmn.cpp
  rgncmn.cpp
  scrolbarcmn.cpp
  settcmn.cpp
  sizer.cpp
  slidercmn.cpp
  spinbtncmn.cpp
  spinctrlcmn.cpp
  srchcmn.cpp
  statbar.cpp
  statbmpcmn.cpp
  statboxcmn.cpp
  statlinecmn.cpp
  stattextcmn.cpp
  stockitem.cpp
  tbarbase.cpp
  textcmn.cpp
  textentrycmn.cpp
  textmeasurecmn.cpp
  toplvcmn.cpp
  treebase.cpp
  uiactioncmn.cpp
  utilscmn.cpp
  valgen.cpp
  validate.cpp
  valnum.cpp
  valtext.cpp
  wincmn.cpp
  windowid.cpp
  wrapsizer.cpp
  xpmdecod.cpp
  preferencesg.cpp
  access.cpp
  activex.cpp
  anybutton.cpp
  app.cpp
  artmsw.cpp
  automtn.cpp
  bitmap.cpp
  brush.cpp
  caret.cpp
  clipbrd.cpp
  colordlg.cpp
  colour.cpp
  combo.cpp
  cursor.cpp
  data.cpp
  dataobj.cpp
  dc.cpp
  dcclient.cpp
  dcmemory.cpp
  dcprint.cpp
  dcscreen.cpp
  dialup.cpp
  dib.cpp
  dirdlg.cpp
  display.cpp
  dragimag.cpp
  dropsrc.cpp
  droptgt.cpp
  enhmeta.cpp
  evtloop.cpp
  filedlg.cpp
  font.cpp
  fontdlg.cpp
  fontenum.cpp
  fontutil.cpp
  frame.cpp
  gdiimage.cpp
  gdiobj.cpp
  gdiplus.cpp
  graphics.cpp
  headerctrl.cpp
  helpchm.cpp
  helpwin.cpp
  icon.cpp
  imaglist.cpp
  iniconf.cpp
  main.cpp
  mdi.cpp
  menuitem.cpp
  metafile.cpp
  minifram.cpp
  msgdlg.cpp
  mslu.cpp
  nativdlg.cpp
  nativewin.cpp
  nonownedwnd.cpp
  oleutils.cpp
  safearray.cpp
  ownerdrw.cpp
  palette.cpp
  panel.cpp
  pen.cpp
  popupwin.cpp
  printdlg.cpp
  printwin.cpp
  progdlg.cpp
  region.cpp
  renderer.cpp
  richmsgdlg.cpp
  settings.cpp
  spinctrl.cpp
  statusbar.cpp
  textentry.cpp
  tooltip.cpp
  toplevel.cpp
  treectrl.cpp
  uiaction.cpp
  utilsgui.cpp
  utilswin.cpp
  uuid.cpp
  uxtheme.cpp
  volume.cpp
  window.cpp
  busyinfo.cpp
  buttonbar.cpp
  choicbkg.cpp
  choicdgg.cpp
  clrpickerg.cpp
  collpaneg.cpp
  combog.cpp
  dcpsg.cpp
  dirctrlg.cpp
  dragimgg.cpp
  filectrlg.cpp
  filepickerg.cpp
  fontpickerg.cpp
  graphicc.cpp
  headerctrlg.cpp
  infobar.cpp
  listbkg.cpp
  logg.cpp
  markuptext.cpp
  msgdlgg.cpp
  numdlgg.cpp
  printps.cpp
  prntdlgg.cpp
  progdlgg.cpp
  renderg.cpp
  richmsgdlgg.cpp
  scrlwing.cpp
  selstore.cpp
  spinctlg.cpp
  splitter.cpp
  srchctlg.cpp
  statbmpg.cpp
  stattextg.cpp
  textdlgg.cpp
  tipwin.cpp
  toolbkg.cpp
  treebkg.cpp
  treectlg.cpp
  vlbox.cpp
  vscroll.cpp
  xmlreshandler.cpp
  accel.cpp
  bmpbuttn.cpp
  button.cpp
  checkbox.cpp
  checklst.cpp
  choice.cpp
  combobox.cpp
  control.cpp
  dialog.cpp
  fdrepdlg.cpp
  gauge.cpp
  listbox.cpp
  listctrl.cpp
  menu.cpp
  notebook.cpp
  radiobox.cpp
  radiobut.cpp
  scrolbar.cpp
  slider.cpp
  spinbutt.cpp
  statbmp.cpp
  statbox.cpp
  statline.cpp
  stattext.cpp
  textctrl.cpp
  textmeasure.cpp
  tglbtn.cpp
  toolbar.cpp
  statusbr.cpp
  wx_vc10_core.vcxproj -> F:\gba\gba-v2.0.0\visualboyadvance-m\dependencies\wxwidgets\build\msw\..\..\lib\vc_lib\wxmsw30ud_core.lib
