生成启动时间为 2017/2/28 13:34:09。
     1>项目“F:\gba\gba-v2.0.0\visualboyadvance-m\dependencies\wxwidgets\build\msw\wx_vc10_wxexpat.vcxproj”在节点 8 上(build 个目标)。
     1>InitializeBuildStatus:
         正在创建“vc_mswud\wxexpat\wxexpat.unsuccessfulbuild”，因为已指定“AlwaysCreate”。
       ClCompile:
         C:\Program Files (x86)\Microsoft Visual Studio 10.0\VC\bin\CL.exe /c /I..\..\lib\vc_lib\ /Zi /nologo /W3 /WX- /Od /Oy- /D WIN32 /D _LIB /D _DEBUG /D _CRT_SECURE_NO_DEPRECATE=1 /D _CRT_NON_CONFORMING_SWPRINTFS=1 /D _SCL_SECURE_NO_WARNINGS=1 /D NDEBUG /D _CRT_SECURE_NO_WARNINGS /D COMPILED_FROM_DSP /Gm- /EHsc /RTC1 /MDd /GS /fp:precise /Zc:wchar_t /Zc:forScope /GR /Fo"vc_mswud\wxexpat\\" /Fd"..\..\lib\vc_lib\wxexpatd.pdb" /Gd /TC /analyze- /errorReport:prompt ..\..\src\expat\lib\xmlparse.c ..\..\src\expat\lib\xmlrole.c ..\..\src\expat\lib\xmltok.c /MP 
         xmlparse.c
         xmlrole.c
         xmltok.c
       Lib:
         C:\Program Files (x86)\Microsoft Visual Studio 10.0\VC\bin\Lib.exe /OUT:"..\..\lib\vc_lib\wxexpatd.lib" /NOLOGO vc_mswud\wxexpat\xmlparse.obj
         vc_mswud\wxexpat\xmlrole.obj
         vc_mswud\wxexpat\xmltok.obj
         wx_vc10_wxexpat.vcxproj -> F:\gba\gba-v2.0.0\visualboyadvance-m\dependencies\wxwidgets\build\msw\..\..\lib\vc_lib\wxexpatd.lib
       FinalizeBuildStatus:
         正在删除文件“vc_mswud\wxexpat\wxexpat.unsuccessfulbuild”。
         正在对“vc_mswud\wxexpat\wxexpat.lastbuildstate”执行 Touch 任务。
     1>已完成生成项目“F:\gba\gba-v2.0.0\visualboyadvance-m\dependencies\wxwidgets\build\msw\wx_vc10_wxexpat.vcxproj”(build 个目标)的操作。

生成成功。

已用时间 00:00:02.47
