生成启动时间为 2017/2/28 13:34:19。
     1>项目“F:\gba\gba-v2.0.0\visualboyadvance-m\dependencies\wxwidgets\build\msw\wx_vc10_xrc.vcxproj”在节点 5 上(build 个目标)。
     1>InitializeBuildStatus:
         正在创建“vc_mswud\xrc\xrc.unsuccessfulbuild”，因为已指定“AlwaysCreate”。
       CustomBuild:
         Creating ..\..\lib\vc_lib\mswud\wx\setup.h
         已复制         1 个文件。
         Creating ..\..\lib\vc_lib\mswud\wx\msw\rcdefs.h
         genrcdefs.h
       ClCompile:
         C:\Program Files (x86)\Microsoft Visual Studio 10.0\VC\bin\CL.exe /c /I..\..\lib\vc_lib\mswud /I..\..\include /I..\..\src\tiff\libtiff /I..\..\src\jpeg /I..\..\src\png /I..\..\src\zlib /I..\..\src\regex /I..\..\src\expat\lib /Zi /nologo /W4 /WX- /Od /Oy- /D WIN32 /D _LIB /D _DEBUG /D _CRT_SECURE_NO_DEPRECATE=1 /D _CRT_NON_CONFORMING_SWPRINTFS=1 /D _SCL_SECURE_NO_WARNINGS=1 /D __WXMSW__ /D _UNICODE /D WXBUILDING /D _UNICODE /D UNICODE /Gm- /EHsc /RTC1 /MDd /GS /fp:precise /Zc:wchar_t /Zc:forScope /GR /Yc"wx/wxprec.h" /Fp"vc_mswud\wxprec_xrclib.pch" /Fo"vc_mswud\xrc\\" /Fd"..\..\lib\vc_lib\wxmsw30ud_xrc.pdb" /Gd /TP /analyze- /errorReport:prompt ..\..\src\common\dummy.cpp /MP 
         dummy.cpp
         C:\Program Files (x86)\Microsoft Visual Studio 10.0\VC\bin\CL.exe /c /I..\..\lib\vc_lib\mswud /I..\..\include /I..\..\src\tiff\libtiff /I..\..\src\jpeg /I..\..\src\png /I..\..\src\zlib /I..\..\src\regex /I..\..\src\expat\lib /Zi /nologo /W4 /WX- /Od /Oy- /D WIN32 /D _LIB /D _DEBUG /D _CRT_SECURE_NO_DEPRECATE=1 /D _CRT_NON_CONFORMING_SWPRINTFS=1 /D _SCL_SECURE_NO_WARNINGS=1 /D __WXMSW__ /D _UNICODE /D WXBUILDING /D _UNICODE /D UNICODE /Gm- /EHsc /RTC1 /MDd /GS /fp:precise /Zc:wchar_t /Zc:forScope /GR /Yu"wx/wxprec.h" /Fp"vc_mswud\wxprec_xrclib.pch" /Fo"vc_mswud\xrc\\" /Fd"..\..\lib\vc_lib\wxmsw30ud_xrc.pdb" /Gd /TP /analyze- /errorReport:prompt ..\..\src\xrc\xh_animatctrl.cpp ..\..\src\xrc\xh_bannerwindow.cpp ..\..\src\xrc\xh_bmp.cpp ..\..\src\xrc\xh_bmpbt.cpp ..\..\src\xrc\xh_bmpcbox.cpp ..\..\src\xrc\xh_bttn.cpp ..\..\src\xrc\xh_cald.cpp ..\..\src\xrc\xh_chckb.cpp ..\..\src\xrc\xh_chckl.cpp ..\..\src\xrc\xh_choic.cpp ..\..\src\xrc\xh_choicbk.cpp ..\..\src\xrc\xh_clrpicker.cpp ..\..\src\xrc\xh_cmdlinkbn.cpp ..\..\src\xrc\xh_collpane.cpp ..\..\src\xrc\xh_combo.cpp ..\..\src\xrc\xh_comboctrl.cpp ..\..\src\xrc\xh_datectrl.cpp ..\..\src\xrc\xh_dirpicker.cpp ..\..\src\xrc\xh_dlg.cpp ..\..\src\xrc\xh_editlbox.cpp ..\..\src\xrc\xh_filectrl.cpp ..\..\src\xrc\xh_filepicker.cpp ..\..\src\xrc\xh_fontpicker.cpp ..\..\src\xrc\xh_frame.cpp ..\..\src\xrc\xh_gauge.cpp ..\..\src\xrc\xh_gdctl.cpp ..\..\src\xrc\xh_grid.cpp ..\..\src\xrc\xh_html.cpp ..\..\src\xrc\xh_htmllbox.cpp ..\..\src\xrc\xh_hyperlink.cpp ..\..\src\xrc\xh_listb.cpp ..\..\src\xrc\xh_listbk.cpp ..\..\src\xrc\xh_listc.cpp ..\..\src\xrc\xh_mdi.cpp ..\..\src\xrc\xh_menu.cpp ..\..\src\xrc\xh_notbk.cpp ..\..\src\xrc\xh_odcombo.cpp ..\..\src\xrc\xh_panel.cpp ..\..\src\xrc\xh_propdlg.cpp ..\..\src\xrc\xh_radbt.cpp ..\..\src\xrc\xh_radbx.cpp ..\..\src\xrc\xh_scrol.cpp ..\..\src\xrc\xh_scwin.cpp ..\..\src\xrc\xh_simplebook.cpp ..\..\src\xrc\xh_sizer.cpp ..\..\src\xrc\xh_slidr.cpp ..\..\src\xrc\xh_spin.cpp ..\..\src\xrc\xh_split.cpp ..\..\src\xrc\xh_srchctrl.cpp ..\..\src\xrc\xh_statbar.cpp ..\..\src\xrc\xh_stbmp.cpp ..\..\src\xrc\xh_stbox.cpp ..\..\src\xrc\xh_stlin.cpp ..\..\src\xrc\xh_sttxt.cpp ..\..\src\xrc\xh_text.cpp ..\..\src\xrc\xh_tglbtn.cpp ..\..\src\xrc\xh_timectrl.cpp ..\..\src\xrc\xh_toolb.cpp ..\..\src\xrc\xh_toolbk.cpp ..\..\src\xrc\xh_tree.cpp ..\..\src\xrc\xh_treebk.cpp ..\..\src\xrc\xh_unkwn.cpp ..\..\src\xrc\xh_wizrd.cpp ..\..\src\xrc\xmladv.cpp ..\..\src\xrc\xmlres.cpp ..\..\src\xrc\xmlrsall.cpp /MP 
         xh_animatctrl.cpp
         xh_bannerwindow.cpp
         xh_bmp.cpp
         xh_bmpbt.cpp
         xh_bmpcbox.cpp
         xh_bttn.cpp
         xh_cald.cpp
         xh_chckb.cpp
         xh_chckl.cpp
         xh_choic.cpp
         xh_choicbk.cpp
         xh_clrpicker.cpp
         xh_cmdlinkbn.cpp
         xh_collpane.cpp
         xh_combo.cpp
         xh_comboctrl.cpp
         xh_datectrl.cpp
         xh_dirpicker.cpp
         xh_dlg.cpp
         xh_editlbox.cpp
         xh_filectrl.cpp
         xh_filepicker.cpp
         xh_fontpicker.cpp
         xh_frame.cpp
         xh_gauge.cpp
         xh_gdctl.cpp
         xh_grid.cpp
         xh_html.cpp
         xh_htmllbox.cpp
         xh_hyperlink.cpp
         xh_listb.cpp
         xh_listbk.cpp
         xh_listc.cpp
         xh_mdi.cpp
         xh_menu.cpp
         xh_notbk.cpp
         xh_odcombo.cpp
         xh_panel.cpp
         xh_propdlg.cpp
         xh_radbt.cpp
         xh_radbx.cpp
         xh_scrol.cpp
         xh_scwin.cpp
         xh_simplebook.cpp
         xh_sizer.cpp
         xh_slidr.cpp
         xh_spin.cpp
         xh_split.cpp
         xh_srchctrl.cpp
         xh_statbar.cpp
         xh_stbmp.cpp
         xh_stbox.cpp
         xh_stlin.cpp
         xh_sttxt.cpp
         xh_text.cpp
         xh_tglbtn.cpp
         xh_timectrl.cpp
         xh_toolb.cpp
         xh_toolbk.cpp
         xh_tree.cpp
         xh_treebk.cpp
         xh_unkwn.cpp
         xh_wizrd.cpp
         xmladv.cpp
         xmlres.cpp
         xmlrsall.cpp
       Lib:
         C:\Program Files (x86)\Microsoft Visual Studio 10.0\VC\bin\Lib.exe /OUT:"..\..\lib\vc_lib\wxmsw30ud_xrc.lib" /NOLOGO vc_mswud\xrc\dummy.obj
         vc_mswud\xrc\xh_animatctrl.obj
         vc_mswud\xrc\xh_bannerwindow.obj
         vc_mswud\xrc\xh_bmp.obj
         vc_mswud\xrc\xh_bmpbt.obj
         vc_mswud\xrc\xh_bmpcbox.obj
         vc_mswud\xrc\xh_bttn.obj
         vc_mswud\xrc\xh_cald.obj
         vc_mswud\xrc\xh_chckb.obj
         vc_mswud\xrc\xh_chckl.obj
         vc_mswud\xrc\xh_choic.obj
         vc_mswud\xrc\xh_choicbk.obj
         vc_mswud\xrc\xh_clrpicker.obj
         vc_mswud\xrc\xh_cmdlinkbn.obj
         vc_mswud\xrc\xh_collpane.obj
         vc_mswud\xrc\xh_combo.obj
         vc_mswud\xrc\xh_comboctrl.obj
         vc_mswud\xrc\xh_datectrl.obj
         vc_mswud\xrc\xh_dirpicker.obj
         vc_mswud\xrc\xh_dlg.obj
         vc_mswud\xrc\xh_editlbox.obj
         vc_mswud\xrc\xh_filectrl.obj
         vc_mswud\xrc\xh_filepicker.obj
         vc_mswud\xrc\xh_fontpicker.obj
         vc_mswud\xrc\xh_frame.obj
         vc_mswud\xrc\xh_gauge.obj
         vc_mswud\xrc\xh_gdctl.obj
         vc_mswud\xrc\xh_grid.obj
         vc_mswud\xrc\xh_html.obj
         vc_mswud\xrc\xh_htmllbox.obj
         vc_mswud\xrc\xh_hyperlink.obj
         vc_mswud\xrc\xh_listb.obj
         vc_mswud\xrc\xh_listbk.obj
         vc_mswud\xrc\xh_listc.obj
         vc_mswud\xrc\xh_mdi.obj
         vc_mswud\xrc\xh_menu.obj
         vc_mswud\xrc\xh_notbk.obj
         vc_mswud\xrc\xh_odcombo.obj
         vc_mswud\xrc\xh_panel.obj
         vc_mswud\xrc\xh_propdlg.obj
         vc_mswud\xrc\xh_radbt.obj
         vc_mswud\xrc\xh_radbx.obj
         vc_mswud\xrc\xh_scrol.obj
         vc_mswud\xrc\xh_scwin.obj
         vc_mswud\xrc\xh_simplebook.obj
         vc_mswud\xrc\xh_sizer.obj
         vc_mswud\xrc\xh_slidr.obj
         vc_mswud\xrc\xh_spin.obj
         vc_mswud\xrc\xh_split.obj
         vc_mswud\xrc\xh_srchctrl.obj
         vc_mswud\xrc\xh_statbar.obj
         vc_mswud\xrc\xh_stbmp.obj
         vc_mswud\xrc\xh_stbox.obj
         vc_mswud\xrc\xh_stlin.obj
         vc_mswud\xrc\xh_sttxt.obj
         vc_mswud\xrc\xh_text.obj
         vc_mswud\xrc\xh_tglbtn.obj
         vc_mswud\xrc\xh_timectrl.obj
         vc_mswud\xrc\xh_toolb.obj
         vc_mswud\xrc\xh_toolbk.obj
         vc_mswud\xrc\xh_tree.obj
         vc_mswud\xrc\xh_treebk.obj
         vc_mswud\xrc\xh_unkwn.obj
         vc_mswud\xrc\xh_wizrd.obj
         vc_mswud\xrc\xmladv.obj
         vc_mswud\xrc\xmlres.obj
         vc_mswud\xrc\xmlrsall.obj
         wx_vc10_xrc.vcxproj -> F:\gba\gba-v2.0.0\visualboyadvance-m\dependencies\wxwidgets\build\msw\..\..\lib\vc_lib\wxmsw30ud_xrc.lib
       FinalizeBuildStatus:
         正在删除文件“vc_mswud\xrc\xrc.unsuccessfulbuild”。
         正在对“vc_mswud\xrc\xrc.lastbuildstate”执行 Touch 任务。
     1>已完成生成项目“F:\gba\gba-v2.0.0\visualboyadvance-m\dependencies\wxwidgets\build\msw\wx_vc10_xrc.vcxproj”(build 个目标)的操作。

生成成功。

已用时间 00:00:15.59
