生成启动时间为 2017/2/28 13:34:05。
     1>项目“F:\gba\gba-v2.0.0\visualboyadvance-m\dependencies\wxwidgets\build\msw\wx_vc10_aui.vcxproj”在节点 3 上(build 个目标)。
     1>InitializeBuildStatus:
         正在创建“vc_mswud\aui\aui.unsuccessfulbuild”，因为已指定“AlwaysCreate”。
       CustomBuild:
         Creating ..\..\lib\vc_lib\mswud\wx\setup.h
         已复制         1 个文件。
         Creating ..\..\lib\vc_lib\mswud\wx\msw\rcdefs.h
         另一个程序正在使用此文件，进程无法访问。
       ClCompile:
         C:\Program Files (x86)\Microsoft Visual Studio 10.0\VC\bin\CL.exe /c /I..\..\lib\vc_lib\mswud /I..\..\include /I..\..\src\tiff\libtiff /I..\..\src\jpeg /I..\..\src\png /I..\..\src\zlib /I..\..\src\regex /I..\..\src\expat\lib /Zi /nologo /W4 /WX- /Od /Oy- /D WIN32 /D _LIB /D _DEBUG /D _CRT_SECURE_NO_DEPRECATE=1 /D _CRT_NON_CONFORMING_SWPRINTFS=1 /D _SCL_SECURE_NO_WARNINGS=1 /D __WXMSW__ /D _UNICODE /D WXBUILDING /D _UNICODE /D UNICODE /Gm- /EHsc /RTC1 /MDd /GS /fp:precise /Zc:wchar_t /Zc:forScope /GR /Yc"wx/wxprec.h" /Fp"vc_mswud\wxprec_auilib.pch" /Fo"vc_mswud\aui\\" /Fd"..\..\lib\vc_lib\wxmsw30ud_aui.pdb" /Gd /TP /analyze- /errorReport:prompt ..\..\src\common\dummy.cpp /MP 
         dummy.cpp
         C:\Program Files (x86)\Microsoft Visual Studio 10.0\VC\bin\CL.exe /c /I..\..\lib\vc_lib\mswud /I..\..\include /I..\..\src\tiff\libtiff /I..\..\src\jpeg /I..\..\src\png /I..\..\src\zlib /I..\..\src\regex /I..\..\src\expat\lib /Zi /nologo /W4 /WX- /Od /Oy- /D WIN32 /D _LIB /D _DEBUG /D _CRT_SECURE_NO_DEPRECATE=1 /D _CRT_NON_CONFORMING_SWPRINTFS=1 /D _SCL_SECURE_NO_WARNINGS=1 /D __WXMSW__ /D _UNICODE /D WXBUILDING /D _UNICODE /D UNICODE /Gm- /EHsc /RTC1 /MDd /GS /fp:precise /Zc:wchar_t /Zc:forScope /GR /Yu"wx/wxprec.h" /Fp"vc_mswud\wxprec_auilib.pch" /Fo"vc_mswud\aui\\" /Fd"..\..\lib\vc_lib\wxmsw30ud_aui.pdb" /Gd /TP /analyze- /errorReport:prompt ..\..\src\aui\auibar.cpp ..\..\src\aui\auibook.cpp ..\..\src\aui\dockart.cpp ..\..\src\aui\floatpane.cpp ..\..\src\aui\framemanager.cpp ..\..\src\aui\tabart.cpp ..\..\src\aui\tabmdi.cpp ..\..\src\xrc\xh_auinotbk.cpp /MP 
         auibar.cpp
         auibook.cpp
         dockart.cpp
         floatpane.cpp
         framemanager.cpp
         tabart.cpp
         tabmdi.cpp
         xh_auinotbk.cpp
       Lib:
         C:\Program Files (x86)\Microsoft Visual Studio 10.0\VC\bin\Lib.exe /OUT:"..\..\lib\vc_lib\wxmsw30ud_aui.lib" /NOLOGO vc_mswud\aui\dummy.obj
         vc_mswud\aui\auibar.obj
         vc_mswud\aui\auibook.obj
         vc_mswud\aui\dockart.obj
         vc_mswud\aui\floatpane.obj
         vc_mswud\aui\framemanager.obj
         vc_mswud\aui\tabart.obj
         vc_mswud\aui\tabmdi.obj
         vc_mswud\aui\xh_auinotbk.obj
         wx_vc10_aui.vcxproj -> F:\gba\gba-v2.0.0\visualboyadvance-m\dependencies\wxwidgets\build\msw\..\..\lib\vc_lib\wxmsw30ud_aui.lib
       FinalizeBuildStatus:
         正在删除文件“vc_mswud\aui\aui.unsuccessfulbuild”。
         正在对“vc_mswud\aui\aui.lastbuildstate”执行 Touch 任务。
     1>已完成生成项目“F:\gba\gba-v2.0.0\visualboyadvance-m\dependencies\wxwidgets\build\msw\wx_vc10_aui.vcxproj”(build 个目标)的操作。

生成成功。

已用时间 00:00:17.92
