生成启动时间为 2017/2/28 13:34:05。
     1>项目“F:\gba\gba-v2.0.0\visualboyadvance-m\dependencies\wxwidgets\build\msw\wx_vc10_wxscintilla.vcxproj”在节点 2 上(build 个目标)。
     1>InitializeBuildStatus:
         正在创建“vc_mswud\wxscintilla\wxscintilla.unsuccessfulbuild”，因为已指定“AlwaysCreate”。
       CustomBuild:
         Creating ..\..\lib\vc_lib\mswud\wx\msw\rcdefs.h
         genrcdefs.h
         Creating ..\..\lib\vc_lib\mswud\wx\setup.h
         已复制         1 个文件。
       ClCompile:
         C:\Program Files (x86)\Microsoft Visual Studio 10.0\VC\bin\CL.exe /c /I..\..\src\stc\scintilla\include /I..\..\src\stc\scintilla\lexlib /I..\..\src\stc\scintilla\src /I..\..\lib\vc_lib\mswud /I..\..\include /Zi /nologo /W3 /WX- /Od /Oy- /D WIN32 /D _LIB /D _DEBUG /D _CRT_SECURE_NO_DEPRECATE=1 /D _CRT_NON_CONFORMING_SWPRINTFS=1 /D _SCL_SECURE_NO_WARNINGS=1 /D NDEBUG /D _CRT_SECURE_NO_WARNINGS /D __WX__ /D SCI_LEXER /D LINK_LEXERS /D __WXMSW__ /D _UNICODE /D _UNICODE /D UNICODE /Gm- /EHsc /RTC1 /MDd /GS /fp:precise /Zc:wchar_t /Zc:forScope /GR /Fo"vc_mswud\wxscintilla\\" /Fd"..\..\lib\vc_lib\wxscintillad.pdb" /Gd /TP /analyze- /errorReport:prompt ..\..\src\stc\scintilla\lexlib\Accessor.cxx ..\..\src\stc\scintilla\src\AutoComplete.cxx ..\..\src\stc\scintilla\src\CallTip.cxx ..\..\src\stc\scintilla\src\Catalogue.cxx ..\..\src\stc\scintilla\src\CellBuffer.cxx ..\..\src\stc\scintilla\src\CharClassify.cxx ..\..\src\stc\scintilla\lexlib\CharacterSet.cxx ..\..\src\stc\scintilla\src\ContractionState.cxx ..\..\src\stc\scintilla\src\Decoration.cxx ..\..\src\stc\scintilla\src\Document.cxx ..\..\src\stc\scintilla\src\Editor.cxx ..\..\src\stc\scintilla\src\ExternalLexer.cxx ..\..\src\stc\scintilla\src\Indicator.cxx ..\..\src\stc\scintilla\src\KeyMap.cxx ..\..\src\stc\scintilla\lexers\LexA68k.cxx ..\..\src\stc\scintilla\lexers\LexAPDL.cxx ..\..\src\stc\scintilla\lexers\LexASY.cxx ..\..\src\stc\scintilla\lexers\LexAU3.cxx ..\..\src\stc\scintilla\lexers\LexAVE.cxx ..\..\src\stc\scintilla\lexers\LexAVS.cxx ..\..\src\stc\scintilla\lexers\LexAbaqus.cxx ..\..\src\stc\scintilla\lexers\LexAda.cxx ..\..\src\stc\scintilla\lexers\LexAsm.cxx ..\..\src\stc\scintilla\lexers\LexAsn1.cxx ..\..\src\stc\scintilla\lexers\LexBaan.cxx ..\..\src\stc\scintilla\lexers\LexBash.cxx ..\..\src\stc\scintilla\lexers\LexBasic.cxx ..\..\src\stc\scintilla\lexers\LexBullant.cxx ..\..\src\stc\scintilla\lexers\LexCLW.cxx ..\..\src\stc\scintilla\lexers\LexCOBOL.cxx ..\..\src\stc\scintilla\lexers\LexCPP.cxx ..\..\src\stc\scintilla\lexers\LexCSS.cxx ..\..\src\stc\scintilla\lexers\LexCaml.cxx ..\..\src\stc\scintilla\lexers\LexCmake.cxx ..\..\src\stc\scintilla\lexers\LexCoffeeScript.cxx ..\..\src\stc\scintilla\lexers\LexConf.cxx ..\..\src\stc\scintilla\lexers\LexCrontab.cxx ..\..\src\stc\scintilla\lexers\LexCsound.cxx ..\..\src\stc\scintilla\lexers\LexD.cxx ..\..\src\stc\scintilla\lexers\LexECL.cxx ..\..\src\stc\scintilla\lexers\LexEScript.cxx ..\..\src\stc\scintilla\lexers\LexEiffel.cxx ..\..\src\stc\scintilla\lexers\LexErlang.cxx ..\..\src\stc\scintilla\lexers\LexFlagship.cxx ..\..\src\stc\scintilla\lexers\LexForth.cxx ..\..\src\stc\scintilla\lexers\LexFortran.cxx ..\..\src\stc\scintilla\lexers\LexGAP.cxx ..\..\src\stc\scintilla\lexers\LexGui4Cli.cxx ..\..\src\stc\scintilla\lexers\LexHTML.cxx ..\..\src\stc\scintilla\lexers\LexHaskell.cxx ..\..\src\stc\scintilla\lexers\LexInno.cxx ..\..\src\stc\scintilla\lexers\LexKix.cxx ..\..\src\stc\scintilla\lexers\LexLisp.cxx ..\..\src\stc\scintilla\lexers\LexLout.cxx ..\..\src\stc\scintilla\lexers\LexLua.cxx ..\..\src\stc\scintilla\lexers\LexMMIXAL.cxx ..\..\src\stc\scintilla\lexers\LexMPT.cxx ..\..\src\stc\scintilla\lexers\LexMSSQL.cxx ..\..\src\stc\scintilla\lexers\LexMagik.cxx ..\..\src\stc\scintilla\lexers\LexMarkdown.cxx ..\..\src\stc\scintilla\lexers\LexMatlab.cxx ..\..\src\stc\scintilla\lexers\LexMetapost.cxx ..\..\src\stc\scintilla\lexers\LexModula.cxx ..\..\src\stc\scintilla\lexers\LexMySQL.cxx ..\..\src\stc\scintilla\lexers\LexNimrod.cxx ..\..\src\stc\scintilla\lexers\LexNsis.cxx ..\..\src\stc\scintilla\lexers\LexOScript.cxx ..\..\src\stc\scintilla\lexers\LexOpal.cxx ..\..\src\stc\scintilla\lexers\LexOthers.cxx ..\..\src\stc\scintilla\lexers\LexPB.cxx ..\..\src\stc\scintilla\lexers\LexPLM.cxx ..\..\src\stc\scintilla\lexers\LexPOV.cxx ..\..\src\stc\scintilla\lexers\LexPS.cxx ..\..\src\stc\scintilla\lexers\LexPascal.cxx ..\..\src\stc\scintilla\lexers\LexPerl.cxx ..\..\src\stc\scintilla\lexers\LexPowerPro.cxx ..\..\src\stc\scintilla\lexers\LexPowerShell.cxx ..\..\src\stc\scintilla\lexers\LexProgress.cxx ..\..\src\stc\scintilla\lexers\LexPython.cxx ..\..\src\stc\scintilla\lexers\LexR.cxx ..\..\src\stc\scintilla\lexers\LexRebol.cxx ..\..\src\stc\scintilla\lexers\LexRuby.cxx ..\..\src\stc\scintilla\lexers\LexSML.cxx ..\..\src\stc\scintilla\lexers\LexSQL.cxx ..\..\src\stc\scintilla\lexers\LexScriptol.cxx ..\..\src\stc\scintilla\lexers\LexSmalltalk.cxx ..\..\src\stc\scintilla\lexers\LexSorcus.cxx ..\..\src\stc\scintilla\lexers\LexSpecman.cxx ..\..\src\stc\scintilla\lexers\LexSpice.cxx ..\..\src\stc\scintilla\lexers\LexTACL.cxx ..\..\src\stc\scintilla\lexers\LexTADS3.cxx ..\..\src\stc\scintilla\lexers\LexTAL.cxx ..\..\src\stc\scintilla\lexers\LexTCL.cxx ..\..\src\stc\scintilla\lexers\LexTCMD.cxx ..\..\src\stc\scintilla\lexers\LexTeX.cxx ..\..\src\stc\scintilla\lexers\LexTxt2tags.cxx ..\..\src\stc\scintilla\lexers\LexVB.cxx ..\..\src\stc\scintilla\lexers\LexVHDL.cxx ..\..\src\stc\scintilla\lexers\LexVerilog.cxx ..\..\src\stc\scintilla\lexers\LexVisualProlog.cxx ..\..\src\stc\scintilla\lexers\LexYAML.cxx ..\..\src\stc\scintilla\lexlib\LexerBase.cxx ..\..\src\stc\scintilla\lexlib\LexerModule.cxx ..\..\src\stc\scintilla\lexlib\LexerNoExceptions.cxx ..\..\src\stc\scintilla\lexlib\LexerSimple.cxx ..\..\src\stc\scintilla\src\LineMarker.cxx ..\..\src\stc\scintilla\src\PerLine.cxx ..\..\src\stc\scintilla\src\PositionCache.cxx ..\..\src\stc\scintilla\lexlib\PropSetSimple.cxx ..\..\src\stc\scintilla\src\RESearch.cxx ..\..\src\stc\scintilla\src\RunStyles.cxx ..\..\src\stc\scintilla\src\ScintillaBase.cxx ..\..\src\stc\scintilla\src\Selection.cxx ..\..\src\stc\scintilla\src\Style.cxx ..\..\src\stc\scintilla\lexlib\StyleContext.cxx ..\..\src\stc\scintilla\src\UniConversion.cxx ..\..\src\stc\scintilla\src\ViewStyle.cxx ..\..\src\stc\scintilla\lexlib\WordList.cxx ..\..\src\stc\scintilla\src\XPM.cxx /MP 
         Accessor.cxx
         AutoComplete.cxx
         CallTip.cxx
         Catalogue.cxx
         CellBuffer.cxx
         CharClassify.cxx
         CharacterSet.cxx
         ContractionState.cxx
         Decoration.cxx
         Document.cxx
         Editor.cxx
         ExternalLexer.cxx
         Indicator.cxx
         KeyMap.cxx
         LexA68k.cxx
         LexAPDL.cxx
         LexASY.cxx
         LexAU3.cxx
         LexAVE.cxx
         LexAVS.cxx
         LexAbaqus.cxx
         LexAda.cxx
         LexAsm.cxx
         LexAsn1.cxx
         LexBaan.cxx
         LexBash.cxx
         LexBasic.cxx
         LexBullant.cxx
         LexCLW.cxx
         LexCOBOL.cxx
         LexCPP.cxx
         LexCSS.cxx
         LexCaml.cxx
         LexCmake.cxx
         LexCoffeeScript.cxx
         LexConf.cxx
         LexCrontab.cxx
         LexCsound.cxx
         LexD.cxx
         LexECL.cxx
         LexEScript.cxx
         LexEiffel.cxx
         LexErlang.cxx
         LexFlagship.cxx
     1>..\..\src\stc\scintilla\lexers\LexErlang.cxx : warning C4819: 该文件包含不能在当前代码页(936)中表示的字符。请将该文件保存为 Unicode 格式以防止数据丢失
         LexForth.cxx
         LexFortran.cxx
         LexGAP.cxx
         LexGui4Cli.cxx
         LexHTML.cxx
         LexHaskell.cxx
         LexInno.cxx
         LexKix.cxx
         LexLisp.cxx
         LexLout.cxx
         LexLua.cxx
         LexMMIXAL.cxx
         LexMPT.cxx
         LexMSSQL.cxx
         LexMagik.cxx
         LexMarkdown.cxx
         LexMatlab.cxx
     1>..\..\src\stc\scintilla\lexers\LexMatlab.cxx : warning C4819: 该文件包含不能在当前代码页(936)中表示的字符。请将该文件保存为 Unicode 格式以防止数据丢失
         LexMetapost.cxx
         LexModula.cxx
         LexMySQL.cxx
         LexNimrod.cxx
         LexNsis.cxx
         LexOScript.cxx
         LexOpal.cxx
         LexOthers.cxx
         LexPB.cxx
         LexPLM.cxx
         LexPOV.cxx
         LexPS.cxx
         LexPascal.cxx
         LexPerl.cxx
         LexPowerPro.cxx
         LexPowerShell.cxx
         LexProgress.cxx
         LexPython.cxx
         LexR.cxx
         LexRebol.cxx
         LexRuby.cxx
         LexSML.cxx
         LexSQL.cxx
         LexScriptol.cxx
         LexSmalltalk.cxx
         LexSorcus.cxx
         LexSpecman.cxx
         LexSpice.cxx
         LexTACL.cxx
         LexTADS3.cxx
         LexTAL.cxx
         LexTCL.cxx
         LexTCMD.cxx
         LexTeX.cxx
         LexTxt2tags.cxx
         LexVB.cxx
         LexVHDL.cxx
         LexVerilog.cxx
         LexVisualProlog.cxx
         LexYAML.cxx
         LexerBase.cxx
         LexerModule.cxx
         LexerNoExceptions.cxx
         LexerSimple.cxx
         LineMarker.cxx
         PerLine.cxx
         PositionCache.cxx
         PropSetSimple.cxx
         RESearch.cxx
         RunStyles.cxx
         ScintillaBase.cxx
         Selection.cxx
         Style.cxx
         StyleContext.cxx
         UniConversion.cxx
         ViewStyle.cxx
         WordList.cxx
         XPM.cxx
       Lib:
         C:\Program Files (x86)\Microsoft Visual Studio 10.0\VC\bin\Lib.exe /OUT:"..\..\lib\vc_lib\wxscintillad.lib" /NOLOGO vc_mswud\wxscintilla\Accessor.obj
         vc_mswud\wxscintilla\AutoComplete.obj
         vc_mswud\wxscintilla\CallTip.obj
         vc_mswud\wxscintilla\Catalogue.obj
         vc_mswud\wxscintilla\CellBuffer.obj
         vc_mswud\wxscintilla\CharClassify.obj
         vc_mswud\wxscintilla\CharacterSet.obj
         vc_mswud\wxscintilla\ContractionState.obj
         vc_mswud\wxscintilla\Decoration.obj
         vc_mswud\wxscintilla\Document.obj
         vc_mswud\wxscintilla\Editor.obj
         vc_mswud\wxscintilla\ExternalLexer.obj
         vc_mswud\wxscintilla\Indicator.obj
         vc_mswud\wxscintilla\KeyMap.obj
         vc_mswud\wxscintilla\LexA68k.obj
         vc_mswud\wxscintilla\LexAPDL.obj
         vc_mswud\wxscintilla\LexASY.obj
         vc_mswud\wxscintilla\LexAU3.obj
         vc_mswud\wxscintilla\LexAVE.obj
         vc_mswud\wxscintilla\LexAVS.obj
         vc_mswud\wxscintilla\LexAbaqus.obj
         vc_mswud\wxscintilla\LexAda.obj
         vc_mswud\wxscintilla\LexAsm.obj
         vc_mswud\wxscintilla\LexAsn1.obj
         vc_mswud\wxscintilla\LexBaan.obj
         vc_mswud\wxscintilla\LexBash.obj
         vc_mswud\wxscintilla\LexBasic.obj
         vc_mswud\wxscintilla\LexBullant.obj
         vc_mswud\wxscintilla\LexCLW.obj
         vc_mswud\wxscintilla\LexCOBOL.obj
         vc_mswud\wxscintilla\LexCPP.obj
         vc_mswud\wxscintilla\LexCSS.obj
         vc_mswud\wxscintilla\LexCaml.obj
         vc_mswud\wxscintilla\LexCmake.obj
         vc_mswud\wxscintilla\LexCoffeeScript.obj
         vc_mswud\wxscintilla\LexConf.obj
         vc_mswud\wxscintilla\LexCrontab.obj
         vc_mswud\wxscintilla\LexCsound.obj
         vc_mswud\wxscintilla\LexD.obj
         vc_mswud\wxscintilla\LexECL.obj
         vc_mswud\wxscintilla\LexEScript.obj
         vc_mswud\wxscintilla\LexEiffel.obj
         vc_mswud\wxscintilla\LexErlang.obj
         vc_mswud\wxscintilla\LexFlagship.obj
         vc_mswud\wxscintilla\LexForth.obj
         vc_mswud\wxscintilla\LexFortran.obj
         vc_mswud\wxscintilla\LexGAP.obj
         vc_mswud\wxscintilla\LexGui4Cli.obj
         vc_mswud\wxscintilla\LexHTML.obj
         vc_mswud\wxscintilla\LexHaskell.obj
         vc_mswud\wxscintilla\LexInno.obj
         vc_mswud\wxscintilla\LexKix.obj
         vc_mswud\wxscintilla\LexLisp.obj
         vc_mswud\wxscintilla\LexLout.obj
         vc_mswud\wxscintilla\LexLua.obj
         vc_mswud\wxscintilla\LexMMIXAL.obj
         vc_mswud\wxscintilla\LexMPT.obj
         vc_mswud\wxscintilla\LexMSSQL.obj
         vc_mswud\wxscintilla\LexMagik.obj
         vc_mswud\wxscintilla\LexMarkdown.obj
         vc_mswud\wxscintilla\LexMatlab.obj
         vc_mswud\wxscintilla\LexMetapost.obj
         vc_mswud\wxscintilla\LexModula.obj
         vc_mswud\wxscintilla\LexMySQL.obj
         vc_mswud\wxscintilla\LexNimrod.obj
         vc_mswud\wxscintilla\LexNsis.obj
         vc_mswud\wxscintilla\LexOScript.obj
         vc_mswud\wxscintilla\LexOpal.obj
         vc_mswud\wxscintilla\LexOthers.obj
         vc_mswud\wxscintilla\LexPB.obj
         vc_mswud\wxscintilla\LexPLM.obj
         vc_mswud\wxscintilla\LexPOV.obj
         vc_mswud\wxscintilla\LexPS.obj
         vc_mswud\wxscintilla\LexPascal.obj
         vc_mswud\wxscintilla\LexPerl.obj
         vc_mswud\wxscintilla\LexPowerPro.obj
         vc_mswud\wxscintilla\LexPowerShell.obj
         vc_mswud\wxscintilla\LexProgress.obj
         vc_mswud\wxscintilla\LexPython.obj
         vc_mswud\wxscintilla\LexR.obj
         vc_mswud\wxscintilla\LexRebol.obj
         vc_mswud\wxscintilla\LexRuby.obj
         vc_mswud\wxscintilla\LexSML.obj
         vc_mswud\wxscintilla\LexSQL.obj
         vc_mswud\wxscintilla\LexScriptol.obj
         vc_mswud\wxscintilla\LexSmalltalk.obj
         vc_mswud\wxscintilla\LexSorcus.obj
         vc_mswud\wxscintilla\LexSpecman.obj
         vc_mswud\wxscintilla\LexSpice.obj
         vc_mswud\wxscintilla\LexTACL.obj
         vc_mswud\wxscintilla\LexTADS3.obj
         vc_mswud\wxscintilla\LexTAL.obj
         vc_mswud\wxscintilla\LexTCL.obj
         vc_mswud\wxscintilla\LexTCMD.obj
         vc_mswud\wxscintilla\LexTeX.obj
         vc_mswud\wxscintilla\LexTxt2tags.obj
         vc_mswud\wxscintilla\LexVB.obj
         vc_mswud\wxscintilla\LexVHDL.obj
         vc_mswud\wxscintilla\LexVerilog.obj
         vc_mswud\wxscintilla\LexVisualProlog.obj
         vc_mswud\wxscintilla\LexYAML.obj
         vc_mswud\wxscintilla\LexerBase.obj
         vc_mswud\wxscintilla\LexerModule.obj
         vc_mswud\wxscintilla\LexerNoExceptions.obj
         vc_mswud\wxscintilla\LexerSimple.obj
         vc_mswud\wxscintilla\LineMarker.obj
         vc_mswud\wxscintilla\PerLine.obj
         vc_mswud\wxscintilla\PositionCache.obj
         vc_mswud\wxscintilla\PropSetSimple.obj
         vc_mswud\wxscintilla\RESearch.obj
         vc_mswud\wxscintilla\RunStyles.obj
         vc_mswud\wxscintilla\ScintillaBase.obj
         vc_mswud\wxscintilla\Selection.obj
         vc_mswud\wxscintilla\Style.obj
         vc_mswud\wxscintilla\StyleContext.obj
         vc_mswud\wxscintilla\UniConversion.obj
         vc_mswud\wxscintilla\ViewStyle.obj
         vc_mswud\wxscintilla\WordList.obj
         vc_mswud\wxscintilla\XPM.obj
         wx_vc10_wxscintilla.vcxproj -> F:\gba\gba-v2.0.0\visualboyadvance-m\dependencies\wxwidgets\build\msw\..\..\lib\vc_lib\wxscintillad.lib
       FinalizeBuildStatus:
         正在删除文件“vc_mswud\wxscintilla\wxscintilla.unsuccessfulbuild”。
         正在对“vc_mswud\wxscintilla\wxscintilla.lastbuildstate”执行 Touch 任务。
     1>已完成生成项目“F:\gba\gba-v2.0.0\visualboyadvance-m\dependencies\wxwidgets\build\msw\wx_vc10_wxscintilla.vcxproj”(build 个目标)的操作。

生成成功。

已用时间 00:00:15.33
