生成启动时间为 2017/2/28 13:34:22。
     1>项目“F:\gba\gba-v2.0.0\visualboyadvance-m\dependencies\wxwidgets\build\msw\wx_vc10_richtext.vcxproj”在节点 6 上(build 个目标)。
     1>InitializeBuildStatus:
         正在创建“vc_mswud\richtext\richtext.unsuccessfulbuild”，因为已指定“AlwaysCreate”。
       CustomBuild:
         Creating ..\..\lib\vc_lib\mswud\wx\setup.h
         已复制         1 个文件。
         Creating ..\..\lib\vc_lib\mswud\wx\msw\rcdefs.h
         genrcdefs.h
       ClCompile:
         C:\Program Files (x86)\Microsoft Visual Studio 10.0\VC\bin\CL.exe /c /I..\..\lib\vc_lib\mswud /I..\..\include /I..\..\src\tiff\libtiff /I..\..\src\jpeg /I..\..\src\png /I..\..\src\zlib /I..\..\src\regex /I..\..\src\expat\lib /Zi /nologo /W4 /WX- /Od /Oy- /D WIN32 /D _LIB /D _DEBUG /D _CRT_SECURE_NO_DEPRECATE=1 /D _CRT_NON_CONFORMING_SWPRINTFS=1 /D _SCL_SECURE_NO_WARNINGS=1 /D __WXMSW__ /D _UNICODE /D WXBUILDING /D _UNICODE /D UNICODE /Gm- /EHsc /RTC1 /MDd /GS /fp:precise /Zc:wchar_t /Zc:forScope /GR /Yc"wx/wxprec.h" /Fp"vc_mswud\wxprec_richtextlib.pch" /Fo"vc_mswud\richtext\\" /Fd"..\..\lib\vc_lib\wxmsw30ud_richtext.pdb" /Gd /TP /analyze- /errorReport:prompt ..\..\src\common\dummy.cpp /MP 
         dummy.cpp
         C:\Program Files (x86)\Microsoft Visual Studio 10.0\VC\bin\CL.exe /c /I..\..\lib\vc_lib\mswud /I..\..\include /I..\..\src\tiff\libtiff /I..\..\src\jpeg /I..\..\src\png /I..\..\src\zlib /I..\..\src\regex /I..\..\src\expat\lib /Zi /nologo /W4 /WX- /Od /Oy- /D WIN32 /D _LIB /D _DEBUG /D _CRT_SECURE_NO_DEPRECATE=1 /D _CRT_NON_CONFORMING_SWPRINTFS=1 /D _SCL_SECURE_NO_WARNINGS=1 /D __WXMSW__ /D _UNICODE /D WXBUILDING /D _UNICODE /D UNICODE /Gm- /EHsc /RTC1 /MDd /GS /fp:precise /Zc:wchar_t /Zc:forScope /GR /Yu"wx/wxprec.h" /Fp"vc_mswud\wxprec_richtextlib.pch" /Fo"vc_mswud\richtext\\" /Fd"..\..\lib\vc_lib\wxmsw30ud_richtext.pdb" /Gd /TP /analyze- /errorReport:prompt ..\..\src\richtext\richtextbuffer.cpp ..\..\src\richtext\richtextctrl.cpp ..\..\src\richtext\richtextformatdlg.cpp ..\..\src\richtext\richtexthtml.cpp ..\..\src\richtext\richtextimagedlg.cpp ..\..\src\richtext\richtextprint.cpp ..\..\src\richtext\richtextstyledlg.cpp ..\..\src\richtext\richtextstyles.cpp ..\..\src\richtext\richtextsymboldlg.cpp ..\..\src\richtext\richtextxml.cpp /MP 
         richtextbuffer.cpp
         richtextctrl.cpp
         richtextformatdlg.cpp
         richtexthtml.cpp
         richtextimagedlg.cpp
         richtextprint.cpp
         richtextstyledlg.cpp
         richtextstyles.cpp
         richtextsymboldlg.cpp
         richtextxml.cpp
       Lib:
         C:\Program Files (x86)\Microsoft Visual Studio 10.0\VC\bin\Lib.exe /OUT:"..\..\lib\vc_lib\wxmsw30ud_richtext.lib" /NOLOGO vc_mswud\richtext\dummy.obj
         vc_mswud\richtext\richtextbuffer.obj
         vc_mswud\richtext\richtextctrl.obj
         vc_mswud\richtext\richtextformatdlg.obj
         vc_mswud\richtext\richtexthtml.obj
         vc_mswud\richtext\richtextimagedlg.obj
         vc_mswud\richtext\richtextprint.obj
         vc_mswud\richtext\richtextstyledlg.obj
         vc_mswud\richtext\richtextstyles.obj
         vc_mswud\richtext\richtextsymboldlg.obj
         vc_mswud\richtext\richtextxml.obj
         wx_vc10_richtext.vcxproj -> F:\gba\gba-v2.0.0\visualboyadvance-m\dependencies\wxwidgets\build\msw\..\..\lib\vc_lib\wxmsw30ud_richtext.lib
       FinalizeBuildStatus:
         正在删除文件“vc_mswud\richtext\richtext.unsuccessfulbuild”。
         正在对“vc_mswud\richtext\richtext.lastbuildstate”执行 Touch 任务。
     1>已完成生成项目“F:\gba\gba-v2.0.0\visualboyadvance-m\dependencies\wxwidgets\build\msw\wx_vc10_richtext.vcxproj”(build 个目标)的操作。

生成成功。

已用时间 00:00:42.10
