生成启动时间为 2017/2/28 13:34:10。
     1>项目“F:\gba\gba-v2.0.0\visualboyadvance-m\dependencies\wxwidgets\build\msw\wx_vc10_base.vcxproj”在节点 7 上(build 个目标)。
     1>InitializeBuildStatus:
         正在创建“vc_mswud\base\base.unsuccessfulbuild”，因为已指定“AlwaysCreate”。
       CustomBuild:
         Creating ..\..\lib\vc_lib\mswud\wx\setup.h
         已复制         1 个文件。
         Creating ..\..\lib\vc_lib\mswud\wx\msw\rcdefs.h
         genrcdefs.h
       ClCompile:
         C:\Program Files (x86)\Microsoft Visual Studio 10.0\VC\bin\CL.exe /c /I..\..\lib\vc_lib\mswud /I..\..\include /I..\..\src\tiff\libtiff /I..\..\src\jpeg /I..\..\src\png /I..\..\src\zlib /I..\..\src\regex /I..\..\src\expat\lib /Zi /nologo /W4 /WX- /Od /Oy- /D WIN32 /D _LIB /D _DEBUG /D _CRT_SECURE_NO_DEPRECATE=1 /D _CRT_NON_CONFORMING_SWPRINTFS=1 /D _SCL_SECURE_NO_WARNINGS=1 /D __WXMSW__ /D _UNICODE /D WXBUILDING /D wxUSE_GUI=0 /D wxUSE_BASE=1 /D _UNICODE /D UNICODE /Gm- /EHsc /RTC1 /MDd /GS /fp:precise /Zc:wchar_t /Zc:forScope /GR /Yc"wx/wxprec.h" /Fp"vc_mswud\wxprec_baselib.pch" /Fo"vc_mswud\base\\" /Fd"..\..\lib\vc_lib\wxbase30ud.pdb" /Gd /TP /analyze- /errorReport:prompt ..\..\src\common\dummy.cpp /MP 
         dummy.cpp
         C:\Program Files (x86)\Microsoft Visual Studio 10.0\VC\bin\CL.exe /c /I..\..\lib\vc_lib\mswud /I..\..\include /I..\..\src\tiff\libtiff /I..\..\src\jpeg /I..\..\src\png /I..\..\src\zlib /I..\..\src\regex /I..\..\src\expat\lib /Zi /nologo /W4 /WX- /Od /Oy- /D WIN32 /D _LIB /D _DEBUG /D _CRT_SECURE_NO_DEPRECATE=1 /D _CRT_NON_CONFORMING_SWPRINTFS=1 /D _SCL_SECURE_NO_WARNINGS=1 /D __WXMSW__ /D _UNICODE /D WXBUILDING /D wxUSE_GUI=0 /D wxUSE_BASE=1 /D _UNICODE /D UNICODE /Gm- /EHsc /RTC1 /MDd /GS /fp:precise /Zc:wchar_t /Zc:forScope /GR /Yu"wx/wxprec.h" /Fp"vc_mswud\wxprec_baselib.pch" /Fo"vc_mswud\base\\" /Fd"..\..\lib\vc_lib\wxbase30ud.pdb" /Gd /TP /analyze- /errorReport:prompt ..\..\src\common\any.cpp ..\..\src\common\appbase.cpp ..\..\src\common\arcall.cpp ..\..\src\common\arcfind.cpp ..\..\src\common\archive.cpp ..\..\src\common\arrstr.cpp ..\..\src\common\base64.cpp ..\..\src\common\clntdata.cpp ..\..\src\common\cmdline.cpp ..\..\src\common\config.cpp ..\..\src\common\convauto.cpp ..\..\src\common\datetime.cpp ..\..\src\common\datetimefmt.cpp ..\..\src\common\datstrm.cpp ..\..\src\common\dircmn.cpp ..\..\src\common\dynarray.cpp ..\..\src\common\dynlib.cpp ..\..\src\common\dynload.cpp ..\..\src\common\encconv.cpp ..\..\src\common\event.cpp ..\..\src\common\evtloopcmn.cpp ..\..\src\common\ffile.cpp ..\..\src\common\file.cpp ..\..\src\common\fileback.cpp ..\..\src\common\fileconf.cpp ..\..\src\common\filefn.cpp ..\..\src\common\filename.cpp ..\..\src\common\filesys.cpp ..\..\src\common\filtall.cpp ..\..\src\common\filtfind.cpp ..\..\src\common\fmapbase.cpp ..\..\src\common\fs_arc.cpp ..\..\src\common\fs_filter.cpp ..\..\src\common\fs_mem.cpp ..\..\src\common\fswatchercmn.cpp ..\..\src\common\hash.cpp ..\..\src\common\hashmap.cpp ..\..\src\common\init.cpp ..\..\src\common\intl.cpp ..\..\src\common\ipcbase.cpp ..\..\src\common\languageinfo.cpp ..\..\src\common\list.cpp ..\..\src\common\log.cpp ..\..\src\common\longlong.cpp ..\..\src\common\memory.cpp ..\..\src\common\mimecmn.cpp ..\..\src\common\module.cpp ..\..\src\common\msgout.cpp ..\..\src\common\mstream.cpp ..\..\src\common\numformatter.cpp ..\..\src\common\object.cpp ..\..\src\common\platinfo.cpp ..\..\src\common\powercmn.cpp ..\..\src\common\process.cpp ..\..\src\common\regex.cpp ..\..\src\common\sstream.cpp ..\..\src\common\stdpbase.cpp ..\..\src\common\stdstream.cpp ..\..\src\common\stopwatch.cpp ..\..\src\common\strconv.cpp ..\..\src\common\stream.cpp ..\..\src\common\string.cpp ..\..\src\common\stringimpl.cpp ..\..\src\common\stringops.cpp ..\..\src\common\strvararg.cpp ..\..\src\common\sysopt.cpp ..\..\src\common\tarstrm.cpp ..\..\src\common\textbuf.cpp ..\..\src\common\textfile.cpp ..\..\src\common\threadinfo.cpp ..\..\src\common\time.cpp ..\..\src\common\timercmn.cpp ..\..\src\common\timerimpl.cpp ..\..\src\common\tokenzr.cpp ..\..\src\common\translation.cpp ..\..\src\common\txtstrm.cpp ..\..\src\common\unichar.cpp ..\..\src\common\uri.cpp ..\..\src\common\ustring.cpp ..\..\src\common\utilscmn.cpp ..\..\src\common\variant.cpp ..\..\src\common\wfstream.cpp ..\..\src\common\wxcrt.cpp ..\..\src\common\wxprintf.cpp ..\..\src\common\xlocale.cpp ..\..\src\common\xti.cpp ..\..\src\common\xtistrm.cpp ..\..\src\common\zipstrm.cpp ..\..\src\common\zstream.cpp ..\..\src\msw\basemsw.cpp ..\..\src\msw\crashrpt.cpp ..\..\src\msw\dde.cpp ..\..\src\msw\debughlp.cpp ..\..\src\msw\dir.cpp ..\..\src\msw\dlmsw.cpp ..\..\src\msw\evtloopconsole.cpp ..\..\src\msw\fswatcher.cpp ..\..\src\msw\main.cpp ..\..\src\msw\mimetype.cpp ..\..\src\msw\mslu.cpp ..\..\src\msw\power.cpp ..\..\src\msw\regconf.cpp ..\..\src\msw\registry.cpp ..\..\src\msw\snglinst.cpp ..\..\src\msw\stackwalk.cpp ..\..\src\msw\stdpaths.cpp ..\..\src\msw\thread.cpp ..\..\src\msw\timer.cpp ..\..\src\msw\utils.cpp ..\..\src\msw\utilsexc.cpp ..\..\src\msw\volume.cpp ..\..\src\generic\fswatcherg.cpp /MP 
         any.cpp
         appbase.cpp
         arcall.cpp
         arcfind.cpp
         archive.cpp
         arrstr.cpp
         base64.cpp
         clntdata.cpp
         cmdline.cpp
         config.cpp
         convauto.cpp
         datetime.cpp
         datetimefmt.cpp
         datstrm.cpp
         dircmn.cpp
         dynarray.cpp
         dynlib.cpp
         encconv.cpp
         dynload.cpp
         event.cpp
         evtloopcmn.cpp
         ffile.cpp
         file.cpp
         fileback.cpp
         fileconf.cpp
         filefn.cpp
         filename.cpp
         filesys.cpp
         filtall.cpp
         filtfind.cpp
         fmapbase.cpp
         fs_arc.cpp
         fs_filter.cpp
         fs_mem.cpp
         fswatchercmn.cpp
         hash.cpp
         hashmap.cpp
         init.cpp
         intl.cpp
         ipcbase.cpp
         languageinfo.cpp
         list.cpp
         log.cpp
         longlong.cpp
         memory.cpp
         mimecmn.cpp
         module.cpp
         msgout.cpp
         mstream.cpp
         numformatter.cpp
         object.cpp
         platinfo.cpp
         powercmn.cpp
         process.cpp
         regex.cpp
         sstream.cpp
         stdpbase.cpp
         stdstream.cpp
         stopwatch.cpp
         strconv.cpp
         stream.cpp
         string.cpp
         stringimpl.cpp
         stringops.cpp
         strvararg.cpp
         sysopt.cpp
         tarstrm.cpp
         textbuf.cpp
         textfile.cpp
         threadinfo.cpp
         time.cpp
         timercmn.cpp
         timerimpl.cpp
         tokenzr.cpp
         translation.cpp
         txtstrm.cpp
         unichar.cpp
         uri.cpp
         ustring.cpp
         utilscmn.cpp
         variant.cpp
         wfstream.cpp
         wxcrt.cpp
         wxprintf.cpp
         xlocale.cpp
         xti.cpp
         xtistrm.cpp
         zipstrm.cpp
         zstream.cpp
         basemsw.cpp
         crashrpt.cpp
         dde.cpp
         debughlp.cpp
         dir.cpp
         dlmsw.cpp
         evtloopconsole.cpp
         fswatcher.cpp
         main.cpp
         mimetype.cpp
         mslu.cpp
         power.cpp
         regconf.cpp
         registry.cpp
         snglinst.cpp
         stackwalk.cpp
         stdpaths.cpp
         thread.cpp
         timer.cpp
         utils.cpp
         utilsexc.cpp
         volume.cpp
         fswatcherg.cpp
         C:\Program Files (x86)\Microsoft Visual Studio 10.0\VC\bin\CL.exe /c /I..\..\lib\vc_lib\mswud /I..\..\include /I..\..\src\tiff\libtiff /I..\..\src\jpeg /I..\..\src\png /I..\..\src\zlib /I..\..\src\regex /I..\..\src\expat\lib /Zi /nologo /W4 /WX- /Od /Oy- /D WIN32 /D _LIB /D _DEBUG /D _CRT_SECURE_NO_DEPRECATE=1 /D _CRT_NON_CONFORMING_SWPRINTFS=1 /D _SCL_SECURE_NO_WARNINGS=1 /D __WXMSW__ /D _UNICODE /D WXBUILDING /D wxUSE_GUI=0 /D wxUSE_BASE=1 /D _UNICODE /D UNICODE /Gm- /EHsc /RTC1 /MDd /GS /fp:precise /Zc:wchar_t /Zc:forScope /GR /Fo"vc_mswud\base\\" /Fd"..\..\lib\vc_lib\wxbase30ud.pdb" /Gd /TC /analyze- /errorReport:prompt ..\..\src\common\extended.c /MP 
         extended.c
       Lib:
         C:\Program Files (x86)\Microsoft Visual Studio 10.0\VC\bin\Lib.exe /OUT:"..\..\lib\vc_lib\wxbase30ud.lib" /NOLOGO vc_mswud\base\any.obj
         vc_mswud\base\appbase.obj
         vc_mswud\base\arcall.obj
         vc_mswud\base\arcfind.obj
         vc_mswud\base\archive.obj
         vc_mswud\base\arrstr.obj
         vc_mswud\base\base64.obj
         vc_mswud\base\clntdata.obj
         vc_mswud\base\cmdline.obj
         vc_mswud\base\config.obj
         vc_mswud\base\convauto.obj
         vc_mswud\base\datetime.obj
         vc_mswud\base\datetimefmt.obj
         vc_mswud\base\datstrm.obj
         vc_mswud\base\dircmn.obj
         vc_mswud\base\dummy.obj
         vc_mswud\base\dynarray.obj
         vc_mswud\base\dynlib.obj
         vc_mswud\base\dynload.obj
         vc_mswud\base\encconv.obj
         vc_mswud\base\event.obj
         vc_mswud\base\evtloopcmn.obj
         vc_mswud\base\extended.obj
         vc_mswud\base\ffile.obj
         vc_mswud\base\file.obj
         vc_mswud\base\fileback.obj
         vc_mswud\base\fileconf.obj
         vc_mswud\base\filefn.obj
         vc_mswud\base\filename.obj
         vc_mswud\base\filesys.obj
         vc_mswud\base\filtall.obj
         vc_mswud\base\filtfind.obj
         vc_mswud\base\fmapbase.obj
         vc_mswud\base\fs_arc.obj
         vc_mswud\base\fs_filter.obj
         vc_mswud\base\fs_mem.obj
         vc_mswud\base\fswatchercmn.obj
         vc_mswud\base\hash.obj
         vc_mswud\base\hashmap.obj
         vc_mswud\base\init.obj
         vc_mswud\base\intl.obj
         vc_mswud\base\ipcbase.obj
         vc_mswud\base\languageinfo.obj
         vc_mswud\base\list.obj
         vc_mswud\base\log.obj
         vc_mswud\base\longlong.obj
         vc_mswud\base\memory.obj
         vc_mswud\base\mimecmn.obj
         vc_mswud\base\module.obj
         vc_mswud\base\msgout.obj
         vc_mswud\base\mstream.obj
         vc_mswud\base\numformatter.obj
         vc_mswud\base\object.obj
         vc_mswud\base\platinfo.obj
         vc_mswud\base\powercmn.obj
         vc_mswud\base\process.obj
         vc_mswud\base\regex.obj
         vc_mswud\base\sstream.obj
         vc_mswud\base\stdpbase.obj
         vc_mswud\base\stdstream.obj
         vc_mswud\base\stopwatch.obj
         vc_mswud\base\strconv.obj
         vc_mswud\base\stream.obj
         vc_mswud\base\string.obj
         vc_mswud\base\stringimpl.obj
         vc_mswud\base\stringops.obj
         vc_mswud\base\strvararg.obj
         vc_mswud\base\sysopt.obj
         vc_mswud\base\tarstrm.obj
         vc_mswud\base\textbuf.obj
         vc_mswud\base\textfile.obj
         vc_mswud\base\threadinfo.obj
         vc_mswud\base\time.obj
         vc_mswud\base\timercmn.obj
         vc_mswud\base\timerimpl.obj
         vc_mswud\base\tokenzr.obj
         vc_mswud\base\translation.obj
         vc_mswud\base\txtstrm.obj
         vc_mswud\base\unichar.obj
         vc_mswud\base\uri.obj
         vc_mswud\base\ustring.obj
         vc_mswud\base\utilscmn.obj
         vc_mswud\base\variant.obj
         vc_mswud\base\wfstream.obj
         vc_mswud\base\wxcrt.obj
         vc_mswud\base\wxprintf.obj
         vc_mswud\base\xlocale.obj
         vc_mswud\base\xti.obj
         vc_mswud\base\xtistrm.obj
         vc_mswud\base\zipstrm.obj
         vc_mswud\base\zstream.obj
         vc_mswud\base\basemsw.obj
         vc_mswud\base\crashrpt.obj
         vc_mswud\base\dde.obj
         vc_mswud\base\debughlp.obj
         vc_mswud\base\dir.obj
         vc_mswud\base\dlmsw.obj
         vc_mswud\base\evtloopconsole.obj
         vc_mswud\base\fswatcher.obj
         vc_mswud\base\main.obj
         vc_mswud\base\mimetype.obj
         vc_mswud\base\mslu.obj
         vc_mswud\base\power.obj
         vc_mswud\base\regconf.obj
         vc_mswud\base\registry.obj
         vc_mswud\base\snglinst.obj
         vc_mswud\base\stackwalk.obj
         vc_mswud\base\stdpaths.obj
         vc_mswud\base\thread.obj
         vc_mswud\base\timer.obj
         vc_mswud\base\utils.obj
         vc_mswud\base\utilsexc.obj
         vc_mswud\base\volume.obj
         vc_mswud\base\fswatcherg.obj
         wx_vc10_base.vcxproj -> F:\gba\gba-v2.0.0\visualboyadvance-m\dependencies\wxwidgets\build\msw\..\..\lib\vc_lib\wxbase30ud.lib
       FinalizeBuildStatus:
         正在删除文件“vc_mswud\base\base.unsuccessfulbuild”。
         正在对“vc_mswud\base\base.lastbuildstate”执行 Touch 任务。
     1>已完成生成项目“F:\gba\gba-v2.0.0\visualboyadvance-m\dependencies\wxwidgets\build\msw\wx_vc10_base.vcxproj”(build 个目标)的操作。

生成成功。

已用时间 00:00:34.65
