生成启动时间为 2017/2/28 13:34:24。
     1>项目“F:\gba\gba-v2.0.0\visualboyadvance-m\dependencies\wxwidgets\build\msw\wx_vc10_ribbon.vcxproj”在节点 4 上(build 个目标)。
     1>InitializeBuildStatus:
         正在创建“vc_mswud\ribbon\ribbon.unsuccessfulbuild”，因为已指定“AlwaysCreate”。
       CustomBuild:
         Creating ..\..\lib\vc_lib\mswud\wx\setup.h
         已复制         1 个文件。
         Creating ..\..\lib\vc_lib\mswud\wx\msw\rcdefs.h
         genrcdefs.h
       ClCompile:
         C:\Program Files (x86)\Microsoft Visual Studio 10.0\VC\bin\CL.exe /c /I..\..\lib\vc_lib\mswud /I..\..\include /I..\..\src\tiff\libtiff /I..\..\src\jpeg /I..\..\src\png /I..\..\src\zlib /I..\..\src\regex /I..\..\src\expat\lib /Zi /nologo /W4 /WX- /Od /Oy- /D WIN32 /D _LIB /D _DEBUG /D _CRT_SECURE_NO_DEPRECATE=1 /D _CRT_NON_CONFORMING_SWPRINTFS=1 /D _SCL_SECURE_NO_WARNINGS=1 /D __WXMSW__ /D _UNICODE /D WXBUILDING /D _UNICODE /D UNICODE /Gm- /EHsc /RTC1 /MDd /GS /fp:precise /Zc:wchar_t /Zc:forScope /GR /Yc"wx/wxprec.h" /Fp"vc_mswud\wxprec_ribbonlib.pch" /Fo"vc_mswud\ribbon\\" /Fd"..\..\lib\vc_lib\wxmsw30ud_ribbon.pdb" /Gd /TP /analyze- /errorReport:prompt ..\..\src\common\dummy.cpp /MP 
         dummy.cpp
         C:\Program Files (x86)\Microsoft Visual Studio 10.0\VC\bin\CL.exe /c /I..\..\lib\vc_lib\mswud /I..\..\include /I..\..\src\tiff\libtiff /I..\..\src\jpeg /I..\..\src\png /I..\..\src\zlib /I..\..\src\regex /I..\..\src\expat\lib /Zi /nologo /W4 /WX- /Od /Oy- /D WIN32 /D _LIB /D _DEBUG /D _CRT_SECURE_NO_DEPRECATE=1 /D _CRT_NON_CONFORMING_SWPRINTFS=1 /D _SCL_SECURE_NO_WARNINGS=1 /D __WXMSW__ /D _UNICODE /D WXBUILDING /D _UNICODE /D UNICODE /Gm- /EHsc /RTC1 /MDd /GS /fp:precise /Zc:wchar_t /Zc:forScope /GR /Yu"wx/wxprec.h" /Fp"vc_mswud\wxprec_ribbonlib.pch" /Fo"vc_mswud\ribbon\\" /Fd"..\..\lib\vc_lib\wxmsw30ud_ribbon.pdb" /Gd /TP /analyze- /errorReport:prompt ..\..\src\ribbon\art_aui.cpp ..\..\src\ribbon\art_internal.cpp ..\..\src\ribbon\art_msw.cpp ..\..\src\ribbon\bar.cpp ..\..\src\ribbon\buttonbar.cpp ..\..\src\ribbon\control.cpp ..\..\src\ribbon\gallery.cpp ..\..\src\ribbon\page.cpp ..\..\src\ribbon\panel.cpp ..\..\src\ribbon\toolbar.cpp ..\..\src\xrc\xh_ribbon.cpp /MP 
         art_aui.cpp
         art_internal.cpp
         art_msw.cpp
         bar.cpp
         buttonbar.cpp
         control.cpp
         gallery.cpp
         page.cpp
         panel.cpp
         toolbar.cpp
         xh_ribbon.cpp
       Lib:
         C:\Program Files (x86)\Microsoft Visual Studio 10.0\VC\bin\Lib.exe /OUT:"..\..\lib\vc_lib\wxmsw30ud_ribbon.lib" /NOLOGO vc_mswud\ribbon\dummy.obj
         vc_mswud\ribbon\art_aui.obj
         vc_mswud\ribbon\art_internal.obj
         vc_mswud\ribbon\art_msw.obj
         vc_mswud\ribbon\bar.obj
         vc_mswud\ribbon\buttonbar.obj
         vc_mswud\ribbon\control.obj
         vc_mswud\ribbon\gallery.obj
         vc_mswud\ribbon\page.obj
         vc_mswud\ribbon\panel.obj
         vc_mswud\ribbon\toolbar.obj
         vc_mswud\ribbon\xh_ribbon.obj
         wx_vc10_ribbon.vcxproj -> F:\gba\gba-v2.0.0\visualboyadvance-m\dependencies\wxwidgets\build\msw\..\..\lib\vc_lib\wxmsw30ud_ribbon.lib
       FinalizeBuildStatus:
         正在删除文件“vc_mswud\ribbon\ribbon.unsuccessfulbuild”。
         正在对“vc_mswud\ribbon\ribbon.lastbuildstate”执行 Touch 任务。
     1>已完成生成项目“F:\gba\gba-v2.0.0\visualboyadvance-m\dependencies\wxwidgets\build\msw\wx_vc10_ribbon.vcxproj”(build 个目标)的操作。

生成成功。

已用时间 00:00:38.92
