生成启动时间为 2017/2/28 13:34:28。
     1>项目“F:\gba\gba-v2.0.0\visualboyadvance-m\dependencies\wxwidgets\build\msw\wx_vc10_adv.vcxproj”在节点 8 上(build 个目标)。
     1>InitializeBuildStatus:
         正在创建“vc_mswud\adv\adv.unsuccessfulbuild”，因为已指定“AlwaysCreate”。
       CustomBuild:
         Creating ..\..\lib\vc_lib\mswud\wx\setup.h
         已复制         1 个文件。
         Creating ..\..\lib\vc_lib\mswud\wx\msw\rcdefs.h
         genrcdefs.h
       ClCompile:
         C:\Program Files (x86)\Microsoft Visual Studio 10.0\VC\bin\CL.exe /c /I..\..\lib\vc_lib\mswud /I..\..\include /I..\..\src\tiff\libtiff /I..\..\src\jpeg /I..\..\src\png /I..\..\src\zlib /I..\..\src\regex /I..\..\src\expat\lib /Zi /nologo /W4 /WX- /Od /Oy- /D WIN32 /D _LIB /D _DEBUG /D _CRT_SECURE_NO_DEPRECATE=1 /D _CRT_NON_CONFORMING_SWPRINTFS=1 /D _SCL_SECURE_NO_WARNINGS=1 /D __WXMSW__ /D _UNICODE /D WXBUILDING /D _UNICODE /D UNICODE /Gm- /EHsc /RTC1 /MDd /GS /fp:precise /Zc:wchar_t /Zc:forScope /GR /Yc"wx/wxprec.h" /Fp"vc_mswud\wxprec_advlib.pch" /Fo"vc_mswud\adv\\" /Fd"..\..\lib\vc_lib\wxmsw30ud_adv.pdb" /Gd /TP /analyze- /errorReport:prompt ..\..\src\common\dummy.cpp /MP 
         dummy.cpp
         C:\Program Files (x86)\Microsoft Visual Studio 10.0\VC\bin\CL.exe /c /I..\..\lib\vc_lib\mswud /I..\..\include /I..\..\src\tiff\libtiff /I..\..\src\jpeg /I..\..\src\png /I..\..\src\zlib /I..\..\src\regex /I..\..\src\expat\lib /Zi /nologo /W4 /WX- /Od /Oy- /D WIN32 /D _LIB /D _DEBUG /D _CRT_SECURE_NO_DEPRECATE=1 /D _CRT_NON_CONFORMING_SWPRINTFS=1 /D _SCL_SECURE_NO_WARNINGS=1 /D __WXMSW__ /D _UNICODE /D WXBUILDING /D _UNICODE /D UNICODE /Gm- /EHsc /RTC1 /MDd /GS /fp:precise /Zc:wchar_t /Zc:forScope /GR /Yu"wx/wxprec.h" /Fp"vc_mswud\wxprec_advlib.pch" /Fo"vc_mswud\adv\\" /Fd"..\..\lib\vc_lib\wxmsw30ud_adv.pdb" /Gd /TP /analyze- /errorReport:prompt ..\..\src\common\animatecmn.cpp ..\..\src\common\bmpcboxcmn.cpp ..\..\src\common\calctrlcmn.cpp ..\..\src\common\datavcmn.cpp ..\..\src\common\gridcmn.cpp ..\..\src\common\hyperlnkcmn.cpp ..\..\src\common\odcombocmn.cpp ..\..\src\common\richtooltipcmn.cpp ..\..\src\common\taskbarcmn.cpp ..\..\src\msw\aboutdlg.cpp ..\..\src\msw\bmpcbox.cpp ..\..\src\msw\calctrl.cpp ..\..\src\msw\commandlinkbutton.cpp ..\..\src\msw\datecontrols.cpp ..\..\src\msw\datectrl.cpp ..\..\src\msw\datetimectrl.cpp ..\..\src\msw\hyperlink.cpp ..\..\src\msw\joystick.cpp ..\..\src\msw\notifmsg.cpp ..\..\src\msw\richtooltip.cpp ..\..\src\msw\sound.cpp ..\..\src\msw\taskbar.cpp ..\..\src\msw\timectrl.cpp ..\..\src\generic\aboutdlgg.cpp ..\..\src\generic\animateg.cpp ..\..\src\generic\bannerwindow.cpp ..\..\src\generic\bmpcboxg.cpp ..\..\src\generic\calctrlg.cpp ..\..\src\generic\commandlinkbuttong.cpp ..\..\src\generic\datavgen.cpp ..\..\src\generic\datectlg.cpp ..\..\src\generic\editlbox.cpp ..\..\src\generic\grid.cpp ..\..\src\generic\gridctrl.cpp ..\..\src\generic\grideditors.cpp ..\..\src\generic\gridsel.cpp ..\..\src\generic\helpext.cpp ..\..\src\generic\hyperlinkg.cpp ..\..\src\generic\laywin.cpp ..\..\src\generic\notifmsgg.cpp ..\..\src\generic\odcombo.cpp ..\..\src\generic\propdlg.cpp ..\..\src\generic\richtooltipg.cpp ..\..\src\generic\sashwin.cpp ..\..\src\generic\splash.cpp ..\..\src\generic\timectrlg.cpp ..\..\src\generic\tipdlg.cpp ..\..\src\generic\treelist.cpp ..\..\src\generic\wizard.cpp /MP 
         animatecmn.cpp
         bmpcboxcmn.cpp
         calctrlcmn.cpp
         datavcmn.cpp
         gridcmn.cpp
         hyperlnkcmn.cpp
         odcombocmn.cpp
         richtooltipcmn.cpp
         taskbarcmn.cpp
         aboutdlg.cpp
         bmpcbox.cpp
         calctrl.cpp
         commandlinkbutton.cpp
         datecontrols.cpp
         datectrl.cpp
         datetimectrl.cpp
         hyperlink.cpp
         joystick.cpp
         notifmsg.cpp
         richtooltip.cpp
         sound.cpp
         taskbar.cpp
         timectrl.cpp
         aboutdlgg.cpp
         animateg.cpp
         bannerwindow.cpp
         bmpcboxg.cpp
         calctrlg.cpp
         commandlinkbuttong.cpp
         datavgen.cpp
         datectlg.cpp
         editlbox.cpp
         grid.cpp
         gridctrl.cpp
         grideditors.cpp
         gridsel.cpp
         helpext.cpp
         hyperlinkg.cpp
         laywin.cpp
         notifmsgg.cpp
         odcombo.cpp
         propdlg.cpp
         richtooltipg.cpp
         sashwin.cpp
         splash.cpp
         timectrlg.cpp
         tipdlg.cpp
         treelist.cpp
         wizard.cpp
       Lib:
         C:\Program Files (x86)\Microsoft Visual Studio 10.0\VC\bin\Lib.exe /OUT:"..\..\lib\vc_lib\wxmsw30ud_adv.lib" /NOLOGO vc_mswud\adv\animatecmn.obj
         vc_mswud\adv\bmpcboxcmn.obj
         vc_mswud\adv\calctrlcmn.obj
         vc_mswud\adv\datavcmn.obj
         vc_mswud\adv\dummy.obj
         vc_mswud\adv\gridcmn.obj
         vc_mswud\adv\hyperlnkcmn.obj
         vc_mswud\adv\odcombocmn.obj
         vc_mswud\adv\richtooltipcmn.obj
         vc_mswud\adv\taskbarcmn.obj
         vc_mswud\adv\aboutdlg.obj
         vc_mswud\adv\bmpcbox.obj
         vc_mswud\adv\calctrl.obj
         vc_mswud\adv\commandlinkbutton.obj
         vc_mswud\adv\datecontrols.obj
         vc_mswud\adv\datectrl.obj
         vc_mswud\adv\datetimectrl.obj
         vc_mswud\adv\hyperlink.obj
         vc_mswud\adv\joystick.obj
         vc_mswud\adv\notifmsg.obj
         vc_mswud\adv\richtooltip.obj
         vc_mswud\adv\sound.obj
         vc_mswud\adv\taskbar.obj
         vc_mswud\adv\timectrl.obj
         vc_mswud\adv\aboutdlgg.obj
         vc_mswud\adv\animateg.obj
         vc_mswud\adv\bannerwindow.obj
         vc_mswud\adv\bmpcboxg.obj
         vc_mswud\adv\calctrlg.obj
         vc_mswud\adv\commandlinkbuttong.obj
         vc_mswud\adv\datavgen.obj
         vc_mswud\adv\datectlg.obj
         vc_mswud\adv\editlbox.obj
         vc_mswud\adv\grid.obj
         vc_mswud\adv\gridctrl.obj
         vc_mswud\adv\grideditors.obj
         vc_mswud\adv\gridsel.obj
         vc_mswud\adv\helpext.obj
         vc_mswud\adv\hyperlinkg.obj
         vc_mswud\adv\laywin.obj
         vc_mswud\adv\notifmsgg.obj
         vc_mswud\adv\odcombo.obj
         vc_mswud\adv\propdlg.obj
         vc_mswud\adv\richtooltipg.obj
         vc_mswud\adv\sashwin.obj
         vc_mswud\adv\splash.obj
         vc_mswud\adv\timectrlg.obj
         vc_mswud\adv\tipdlg.obj
         vc_mswud\adv\treelist.obj
         vc_mswud\adv\wizard.obj
         wx_vc10_adv.vcxproj -> F:\gba\gba-v2.0.0\visualboyadvance-m\dependencies\wxwidgets\build\msw\..\..\lib\vc_lib\wxmsw30ud_adv.lib
       FinalizeBuildStatus:
         正在删除文件“vc_mswud\adv\adv.unsuccessfulbuild”。
         正在对“vc_mswud\adv\adv.lastbuildstate”执行 Touch 任务。
     1>已完成生成项目“F:\gba\gba-v2.0.0\visualboyadvance-m\dependencies\wxwidgets\build\msw\wx_vc10_adv.vcxproj”(build 个目标)的操作。

生成成功。

已用时间 00:00:23.82
