生成启动时间为 2017/2/28 13:34:06。
     1>项目“F:\gba\gba-v2.0.0\visualboyadvance-m\dependencies\wxwidgets\build\msw\wx_vc10_wxregex.vcxproj”在节点 7 上(build 个目标)。
     1>InitializeBuildStatus:
         正在创建“vc_mswud\wxregex\wxregex.unsuccessfulbuild”，因为已指定“AlwaysCreate”。
       CustomBuild:
         Creating ..\..\lib\vc_lib\mswud\wx\msw\rcdefs.h
         genrcdefs.h
         Creating ..\..\lib\vc_lib\mswud\wx\setup.h
         已复制         1 个文件。
       ClCompile:
         C:\Program Files (x86)\Microsoft Visual Studio 10.0\VC\bin\CL.exe /c /I..\..\include /I..\..\lib\vc_lib\mswud /Zi /nologo /W3 /WX- /Od /Oy- /D WIN32 /D _LIB /D _DEBUG /D _CRT_SECURE_NO_DEPRECATE=1 /D _CRT_NON_CONFORMING_SWPRINTFS=1 /D _SCL_SECURE_NO_WARNINGS=1 /D NDEBUG /D _CRT_SECURE_NO_WARNINGS /D __WXMSW__ /D _UNICODE /D _UNICODE /D UNICODE /Gm- /EHsc /RTC1 /MDd /GS /fp:precise /Zc:wchar_t /Zc:forScope /GR /Fo"vc_mswud\wxregex\\" /Fd"..\..\lib\vc_lib\wxregexud.pdb" /Gd /TC /analyze- /errorReport:prompt ..\..\src\regex\regcomp.c ..\..\src\regex\regerror.c ..\..\src\regex\regexec.c ..\..\src\regex\regfree.c /MP 
         regcomp.c
         regerror.c
         regexec.c
         regfree.c
       Lib:
         C:\Program Files (x86)\Microsoft Visual Studio 10.0\VC\bin\Lib.exe /OUT:"..\..\lib\vc_lib\wxregexud.lib" /NOLOGO vc_mswud\wxregex\regcomp.obj
         vc_mswud\wxregex\regerror.obj
         vc_mswud\wxregex\regexec.obj
         vc_mswud\wxregex\regfree.obj
         wx_vc10_wxregex.vcxproj -> F:\gba\gba-v2.0.0\visualboyadvance-m\dependencies\wxwidgets\build\msw\..\..\lib\vc_lib\wxregexud.lib
       FinalizeBuildStatus:
         正在删除文件“vc_mswud\wxregex\wxregex.unsuccessfulbuild”。
         正在对“vc_mswud\wxregex\wxregex.lastbuildstate”执行 Touch 任务。
     1>已完成生成项目“F:\gba\gba-v2.0.0\visualboyadvance-m\dependencies\wxwidgets\build\msw\wx_vc10_wxregex.vcxproj”(build 个目标)的操作。

生成成功。

已用时间 00:00:03.02
